12.8s 1 <class 'pandas.core.frame.DataFrame'>
12.8s 2 RangeIndex: 1025 entries, 0 to 1024
12.8s 3 Data columns (total 14 columns):
12.8s 4 #   Column    Non-Null Count  Dtype
12.8s 5 ---  ------    --------------  -----
12.8s 6 0   age       1025 non-null   int64
12.8s 7 1   sex       1025 non-null   int64
12.8s 8 2   cp        1025 non-null   int64
12.8s 9 3   trestbps  1025 non-null   int64
12.8s 10 4   chol      1025 non-null   int64
12.8s 11 5   fbs       1025 non-null   int64
12.8s 12 6   restecg   1025 non-null   int64
12.8s 13 7   thalach   1025 non-null   int64
12.8s 14 8   exang     1025 non-null   int64
12.8s 15 9   oldpeak   1025 non-null   float64
12.8s 16 10  slope     1025 non-null   int64
12.8s 17 11  ca        1025 non-null   int64
12.8s 18 12  thal      1025 non-null   int64
12.8s 19 13  target    1025 non-null   int64
12.8s 20 dtypes: float64(1), int64(13)
12.8s 21 memory usage: 112.2 KB
30.9s 22 Fitting 5 folds for each of 1000 candidates, totalling 5000 fits
108.1s 23 Fitting 5 folds for each of 1755 candidates, totalling 8775 fits
345.7s 24 Fitting 5 folds for each of 60 candidates, totalling 300 fits
402.7s 25 Fitting 5 folds for each of 960 candidates, totalling 4800 fits
2552.4s 26 Fitting 5 folds for each of 10 candidates, totalling 50 fits
2575.8s 27 Fitting 5 folds for each of 240 candidates, totalling 1200 fits
2667.5s 28 precision    recall  f1-score   support
2667.5s 29 
2667.5s 30 0       0.97      1.00      0.98        97
2667.5s 31 1       1.00      0.97      0.99       108
2667.5s 32 
2667.5s 33 accuracy                           0.99       205
2667.5s 34 macro avg       0.98      0.99      0.99       205
2667.5s 35 weighted avg       0.99      0.99      0.99       205
2667.5s 36 
2671.3s 37 /opt/conda/lib/python3.7/site-packages/traitlets/traitlets.py:2561: FutureWarning: --Exporter.preprocessors=["remove_papermill_header.RemovePapermillHeader"] for containers is deprecated in traitlets 5.0. You can pass `--Exporter.preprocessors item` ... multiple times to add items to a list.
2671.3s 38 FutureWarning,
2671.3s 39 [NbConvertApp] Converting notebook __notebook__.ipynb to notebook
2672.1s 40 [NbConvertApp] Writing 634955 bytes to __notebook__.ipynb
2673.3s 41 /opt/conda/lib/python3.7/site-packages/traitlets/traitlets.py:2561: FutureWarning: --Exporter.preprocessors=["nbconvert.preprocessors.ExtractOutputPreprocessor"] for containers is deprecated in traitlets 5.0. You can pass `--Exporter.preprocessors item` ... multiple times to add items to a list.
2673.3s 42 FutureWarning,
2673.3s 43 [NbConvertApp] Converting notebook __notebook__.ipynb to html
2674.7s 44 [NbConvertApp] Support files will be in __results___files/
2674.7s 45 [NbConvertApp] Making directory __results___files
2674.7s 46 [NbConvertApp] Making directory __results___files
2674.7s 47 [NbConvertApp] Making directory __results___files
2674.7s 48 [NbConvertApp] Making directory __results___files
2674.7s 49 [NbConvertApp] Making directory __results___files
2674.7s 50 [NbConvertApp] Making directory __results___files
2674.7s 51 [NbConvertApp] Making directory __results___files
2674.7s 52 [NbConvertApp] Making directory __results___files
2674.7s 53 [NbConvertApp] Making directory __results___files
2674.7s 54 [NbConvertApp] Making directory __results___files
2674.7s 55 [NbConvertApp] Making directory __results___files
2674.7s 56 [NbConvertApp] Making directory __results___files
2674.7s 57 [NbConvertApp] Making directory __results___files
2674.7s 58 [NbConvertApp] Making directory __results___files
2674.7s 59 [NbConvertApp] Making directory __results___files
2674.7s 60 [NbConvertApp] Making directory __results___files
2674.7s 61 [NbConvertApp] Making directory __results___files
2674.7s 62 [NbConvertApp] Making directory __results___files
2674.7s 63 [NbConvertApp] Making directory __results___files
2674.7s 64 [NbConvertApp] Making directory __results___files
2674.7s 65 [NbConvertApp] Making directory __results___files
2674.7s 66 [NbConvertApp] Making directory __results___files
2674.7s 67 [NbConvertApp] Making directory __results___files
2674.7s 68 [NbConvertApp] Making directory __results___files
2674.7s 69 [NbConvertApp] Writing 420831 bytes to __results__.html